{
  "0 debug pnpm:scope": {
    "selected": 1
  },
  "1 error pnpm": {
    "code": "ELIFECYCLE",
    "errno": "ENOENT",
    "syscall": "spawn",
    "file": "sh",
    "pkgid": "vite-plugin-template@0.0.0",
    "stage": "build",
    "script": "tsup src/index.ts --dts --format cjs,esm",
    "pkgname": "vite-plugin-template",
    "err": {
      "name": "Error",
      "message": "vite-plugin-template@0.0.0 build: `tsup src/index.ts --dts --format cjs,esm`\nspawn ENOENT",
      "code": "ELIFECYCLE",
      "stack": "Error: vite-plugin-template@0.0.0 build: `tsup src/index.ts --dts --format cjs,esm`\nspawn ENOENT\n    at ChildProcess.<anonymous> (/usr/pnpm-global/5/node_modules/.pnpm/pnpm@6.4.0/node_modules/pnpm/dist/pnpm.cjs:92220:22)\n    at ChildProcess.emit (node:events:369:20)\n    at maybeClose (node:internal/child_process:1067:16)\n    at Process.ChildProcess._handle.onexit (node:internal/child_process:301:5)"
    }
  }
}